        -:    0:Source:dominion.c
        -:    0:Graph:dominion.gcno
        -:    0:Data:dominion.gcda
        -:    0:Runs:16
        -:    0:Programs:8
        -:    1:#include "dominion.h"
        -:    2:#include "dominion_helpers.h"
        -:    3:#include "rngs.h"
        -:    4:#include <stdio.h>
        -:    5:#include <math.h>
        -:    6:#include <stdlib.h>
        -:    7:
     1416:    8:int compare(const void* a, const void* b) {
     1416:    9:  if (*(int*)a > *(int*)b)
        9:   10:    return 1;
     1407:   11:  if (*(int*)a < *(int*)b)
      374:   12:    return -1;
     1033:   13:  return 0;
        -:   14:}
        -:   15:
    #####:   16:struct gameState* newGame() {
    #####:   17:  struct gameState* g = malloc(sizeof(struct gameState));
    #####:   18:  return g;
        -:   19:}
        -:   20:
    #####:   21:int* kingdomCards(int k1, int k2, int k3, int k4, int k5, int k6, int k7,
        -:   22:		  int k8, int k9, int k10) {
    #####:   23:  int* k = malloc(10 * sizeof(int));
    #####:   24:  k[0] = k1;
    #####:   25:  k[1] = k2;
    #####:   26:  k[2] = k3;
    #####:   27:  k[3] = k4;
    #####:   28:  k[4] = k5;
    #####:   29:  k[5] = k6;
    #####:   30:  k[6] = k7;
    #####:   31:  k[7] = k8;
    #####:   32:  k[8] = k9;
    #####:   33:  k[9] = k10;
    #####:   34:  return k;
        -:   35:}
        -:   36:
       34:   37:int initializeGame(int numPlayers, int kingdomCards[10], int randomSeed,
        -:   38:		   struct gameState *state) {
        -:   39:
        -:   40:  int i;
        -:   41:  int j;
        -:   42:  int it;			
        -:   43:  //set up random number generator
       34:   44:  SelectStream(1);
       34:   45:  PutSeed((long)randomSeed);
        -:   46:  
        -:   47:  //check number of players
       34:   48:  if (numPlayers > MAX_PLAYERS || numPlayers < 2)
        -:   49:    {
    #####:   50:      return -1;
        -:   51:    }
        -:   52:
        -:   53:  //set number of players
       34:   54:  state->numPlayers = numPlayers;
        -:   55:
        -:   56:  //check selected kingdom cards are different
      374:   57:  for (i = 0; i < 10; i++)
        -:   58:    {
     3740:   59:      for (j = 0; j < 10; j++)
        -:   60:        {
     3400:   61:	  if (j != i && kingdomCards[j] == kingdomCards[i])
        -:   62:	    {
    #####:   63:	      return -1;
        -:   64:	    }
        -:   65:        }
        -:   66:    }
        -:   67:
        -:   68:
        -:   69:  //initialize supply
        -:   70:  ///////////////////////////////
        -:   71:
        -:   72:  //set number of Curse cards
       34:   73:  if (numPlayers == 2)
        -:   74:    {
       18:   75:      state->supplyCount[curse] = 10;
        -:   76:    }
       16:   77:  else if (numPlayers == 3)
        -:   78:    {
        8:   79:      state->supplyCount[curse] = 20;
        -:   80:    }
        -:   81:  else
        -:   82:    {
        8:   83:      state->supplyCount[curse] = 30;
        -:   84:    }
        -:   85:
        -:   86:  //set number of Victory cards
       34:   87:  if (numPlayers == 2)
        -:   88:    {
       18:   89:      state->supplyCount[estate] = 8;
       18:   90:      state->supplyCount[duchy] = 8;
       18:   91:      state->supplyCount[province] = 8;
        -:   92:    }
        -:   93:  else
        -:   94:    {
       16:   95:      state->supplyCount[estate] = 12;
       16:   96:      state->supplyCount[duchy] = 12;
       16:   97:      state->supplyCount[province] = 12;
        -:   98:    }
        -:   99:
        -:  100:  //set number of Treasure cards
       34:  101:  state->supplyCount[copper] = 60 - (7 * numPlayers);
       34:  102:  state->supplyCount[silver] = 40;
       34:  103:  state->supplyCount[gold] = 30;
        -:  104:
        -:  105:  //set number of Kingdom cards
      714:  106:  for (i = adventurer; i <= treasure_map; i++)       	//loop all cards
        -:  107:    {
     5610:  108:      for (j = 0; j < 10; j++)           		//loop chosen cards
        -:  109:	{
     5270:  110:	  if (kingdomCards[j] == i)
        -:  111:	    {
        -:  112:	      //check if card is a 'Victory' Kingdom card
      340:  113:	      if (kingdomCards[j] == great_hall || kingdomCards[j] == gardens)
        -:  114:		{
      104:  115:		  if (numPlayers == 2){ 
       20:  116:		    state->supplyCount[i] = 8; 
        -:  117:		  }
       32:  118:		  else{ state->supplyCount[i] = 12; }
        -:  119:		}
        -:  120:	      else
        -:  121:		{
      288:  122:		  state->supplyCount[i] = 10;
        -:  123:		}
      340:  124:	      break;
        -:  125:	    }
        -:  126:	  else    //card is not in the set choosen for the game
        -:  127:	    {
     4930:  128:	      state->supplyCount[i] = -1;
        -:  129:	    }
        -:  130:	}
        -:  131:
        -:  132:    }
        -:  133:
        -:  134:  ////////////////////////
        -:  135:  //supply intilization complete
        -:  136:
        -:  137:  //set player decks
      126:  138:  for (i = 0; i < numPlayers; i++)
        -:  139:    {
       92:  140:      state->deckCount[i] = 0;
      368:  141:      for (j = 0; j < 3; j++)
        -:  142:	{
      276:  143:	  state->deck[i][j] = estate;
      276:  144:	  state->deckCount[i]++;
        -:  145:	}
      736:  146:      for (j = 3; j < 10; j++)
        -:  147:	{
      644:  148:	  state->deck[i][j] = copper;
      644:  149:	  state->deckCount[i]++;		
        -:  150:	}
        -:  151:    }
        -:  152:
        -:  153:  //shuffle player decks
      126:  154:  for (i = 0; i < numPlayers; i++)
        -:  155:    {
       92:  156:      if ( shuffle(i, state) < 0 )
        -:  157:	{
    #####:  158:	  return -1;
        -:  159:	}
        -:  160:    }
        -:  161:
        -:  162:  //draw player hands
      126:  163:  for (i = 0; i < numPlayers; i++)
        -:  164:    {  
        -:  165:      //initialize hand size to zero
       92:  166:      state->handCount[i] = 0;
       92:  167:      state->discardCount[i] = 0;
        -:  168:      //draw 5 cards
        -:  169:      // for (j = 0; j < 5; j++)
        -:  170:      //	{
        -:  171:      //	  drawCard(i, state);
        -:  172:      //	}
        -:  173:    }
        -:  174:  
        -:  175:  //set embargo tokens to 0 for all supply piles
      952:  176:  for (i = 0; i <= treasure_map; i++)
        -:  177:    {
      918:  178:      state->embargoTokens[i] = 0;
        -:  179:    }
        -:  180:
        -:  181:  //initialize first player's turn
       34:  182:  state->outpostPlayed = 0;
       34:  183:  state->phase = 0;
       34:  184:  state->numActions = 1;
       34:  185:  state->numBuys = 1;
       34:  186:  state->playedCardCount = 0;
       34:  187:  state->whoseTurn = 0;
       34:  188:  state->handCount[state->whoseTurn] = 0;
        -:  189:  //int it; move to top
        -:  190:
        -:  191:  //Moved draw cards to here, only drawing at the start of a turn
      204:  192:  for (it = 0; it < 5; it++){
      170:  193:    drawCard(state->whoseTurn, state);
        -:  194:  }
        -:  195:
       34:  196:  updateCoins(state->whoseTurn, state, 0);
        -:  197:
       34:  198:  return 0;
        -:  199:}
        -:  200:
      104:  201:int shuffle(int player, struct gameState *state) {
        -:  202: 
        -:  203:
        -:  204:  int newDeck[MAX_DECK];
      104:  205:  int newDeckPos = 0;
        -:  206:  int card;
        -:  207:  int i;
        -:  208:
      104:  209:  if (state->deckCount[player] < 1)
        4:  210:    return -1;
      100:  211:  qsort ((void*)(state->deck[player]), state->deckCount[player], sizeof(int), compare); 
        -:  212:  /* SORT CARDS IN DECK TO ENSURE DETERMINISM! */
        -:  213:
     1153:  214:  while (state->deckCount[player] > 0) {
      953:  215:    card = floor(Random() * state->deckCount[player]);
      953:  216:    newDeck[newDeckPos] = state->deck[player][card];
      953:  217:    newDeckPos++;
     3284:  218:    for (i = card; i < state->deckCount[player]-1; i++) {
     2331:  219:      state->deck[player][i] = state->deck[player][i+1];
        -:  220:    }
      953:  221:    state->deckCount[player]--;
        -:  222:  }
     1053:  223:  for (i = 0; i < newDeckPos; i++) {
      953:  224:    state->deck[player][i] = newDeck[i];
      953:  225:    state->deckCount[player]++;
        -:  226:  }
        -:  227:
      100:  228:  return 0;
        -:  229:}
        -:  230:
    #####:  231:int playCard(int handPos, int choice1, int choice2, int choice3, struct gameState *state) 
        -:  232:{	
        -:  233:  int card;
    #####:  234:  int coin_bonus = 0; 		//tracks coins gain from actions
        -:  235:
        -:  236:  //check if it is the right phase
    #####:  237:  if (state->phase != 0)
        -:  238:    {
    #####:  239:      return -1;
        -:  240:    }
        -:  241:	
        -:  242:  //check if player has enough actions
    #####:  243:  if ( state->numActions < 1 )
        -:  244:    {
    #####:  245:      return -1;
        -:  246:    }
        -:  247:	
        -:  248:  //get card played
    #####:  249:  card = handCard(handPos, state);
        -:  250:	
        -:  251:  //check if selected card is an action
    #####:  252:  if ( card < adventurer || card > treasure_map )
        -:  253:    {
    #####:  254:      return -1;
        -:  255:    }
        -:  256:	
        -:  257:  //play card
    #####:  258:  if ( cardEffect(card, choice1, choice2, choice3, state, handPos, &coin_bonus) < 0 )
        -:  259:    {
    #####:  260:      return -1;
        -:  261:    }
        -:  262:	
        -:  263:  //reduce number of actions
    #####:  264:  state->numActions--;
        -:  265:
        -:  266:  //update coins (Treasure cards may be added with card draws)
    #####:  267:  updateCoins(state->whoseTurn, state, coin_bonus);
        -:  268:	
    #####:  269:  return 0;
        -:  270:}
        -:  271:
        2:  272:int buyCard(int supplyPos, struct gameState *state) {
        -:  273:  int who;
        -:  274:  if (DEBUG){
        -:  275:    printf("Entering buyCard...\n");
        -:  276:  }
        -:  277:
        -:  278:  // I don't know what to do about the phase thing.
        -:  279:
        2:  280:  who = state->whoseTurn;
        -:  281:
        2:  282:  if (state->numBuys < 1){
        -:  283:    if (DEBUG)
        -:  284:      printf("You do not have any buys left\n");
    #####:  285:    return -1;
        2:  286:  } else if (supplyCount(supplyPos, state) <1){
        -:  287:    if (DEBUG)
        -:  288:      printf("There are not any of that type of card left\n");
    #####:  289:    return -1;
        2:  290:  } else if (state->coins < getCost(supplyPos)){
        -:  291:    if (DEBUG) 
        -:  292:      printf("You do not have enough money to buy that. You have %d coins.\n", state->coins);
    #####:  293:    return -1;
        -:  294:  } else {
        2:  295:    state->phase=1;
        -:  296:    //state->supplyCount[supplyPos]--;
        2:  297:    gainCard(supplyPos, state, 0, who); //card goes in discard, this might be wrong.. (2 means goes into hand, 0 goes into discard)
        -:  298:  
        2:  299:    state->coins = (state->coins) - (getCost(supplyPos));
        2:  300:    state->numBuys--;
        -:  301:    if (DEBUG)
        -:  302:      printf("You bought card number %d for %d coins. You now have %d buys and %d coins.\n", supplyPos, getCost(supplyPos), state->numBuys, state->coins);
        -:  303:  }
        -:  304:
        -:  305:  //state->discard[who][state->discardCount[who]] = supplyPos;
        -:  306:  //state->discardCount[who]++;
        -:  307:    
        2:  308:  return 0;
        -:  309:}
        -:  310:
       36:  311:int numHandCards(struct gameState *state) {
       36:  312:  return state->handCount[ whoseTurn(state) ];
        -:  313:}
        -:  314:
    #####:  315:int handCard(int handPos, struct gameState *state) {
    #####:  316:  int currentPlayer = whoseTurn(state);
    #####:  317:  return state->hand[currentPlayer][handPos];
        -:  318:}
        -:  319:
      128:  320:int supplyCount(int card, struct gameState *state) {
      128:  321:  return state->supplyCount[card];
        -:  322:}
        -:  323:
    #####:  324:int fullDeckCount(int player, int card, struct gameState *state) {
        -:  325:  int i;
    #####:  326:  int count = 0;
        -:  327:
    #####:  328:  for (i = 0; i < state->deckCount[player]; i++)
        -:  329:    {
    #####:  330:      if (state->deck[player][i] == card) count++;
        -:  331:    }
        -:  332:
    #####:  333:  for (i = 0; i < state->handCount[player]; i++)
        -:  334:    {
    #####:  335:      if (state->hand[player][i] == card) count++;
        -:  336:    }
        -:  337:
    #####:  338:  for (i = 0; i < state->discardCount[player]; i++)
        -:  339:    {
    #####:  340:      if (state->discard[player][i] == card) count++;
        -:  341:    }
        -:  342:
    #####:  343:  return count;
        -:  344:}
        -:  345:
      100:  346:int whoseTurn(struct gameState *state) {
      100:  347:  return state->whoseTurn;
        -:  348:}
        -:  349:
       54:  350:int endTurn(struct gameState *state) {
        -:  351:  int k;
        -:  352:  int i;
       54:  353:  int currentPlayer = whoseTurn(state);
        -:  354:  
        -:  355:  //Discard hand
      307:  356:  for (i = 0; i < state->handCount[currentPlayer]; i++){
      253:  357:    state->discard[currentPlayer][state->discardCount[currentPlayer]++] = state->hand[currentPlayer][i];//Discard
      253:  358:    state->hand[currentPlayer][i] = -1;//Set card to -1
        -:  359:  }
       54:  360:  state->handCount[currentPlayer] = 0;//Reset hand count
        -:  361:    
        -:  362:  //Code for determining the player
       54:  363:  if (currentPlayer < (state->numPlayers - 1)){ 
       36:  364:    state->whoseTurn = currentPlayer + 1;//Still safe to increment
        -:  365:  }
        -:  366:  else{
       18:  367:    state->whoseTurn = 0;//Max player has been reached, loop back around to player 1
        -:  368:  }
        -:  369:
       54:  370:  state->outpostPlayed = 0;
       54:  371:  state->phase = 0;
       54:  372:  state->numActions = 1;
       54:  373:  state->coins = 0;
       54:  374:  state->numBuys = 1;
       54:  375:  state->playedCardCount = 0;
       54:  376:  state->handCount[state->whoseTurn] = 0;
        -:  377:
        -:  378:  //int k; move to top
        -:  379:  //Next player draws hand
      324:  380:  for (k = 0; k < 5; k++){
      270:  381:    drawCard(state->whoseTurn, state);//Draw a card
        -:  382:  }
        -:  383:
        -:  384:  //Update money
       54:  385:  updateCoins(state->whoseTurn, state , 0);
        -:  386:
       54:  387:  return 0;
        -:  388:}
        -:  389:
    #####:  390:int isGameOver(struct gameState *state) {
        -:  391:  int i;
        -:  392:  int j;
        -:  393:	
        -:  394:  //if stack of Province cards is empty, the game ends
    #####:  395:  if (state->supplyCount[province] == 0)
        -:  396:    {
    #####:  397:      return 1;
        -:  398:    }
        -:  399:
        -:  400:  //if three supply pile are at 0, the game ends
    #####:  401:  j = 0;
    #####:  402:  for (i = 0; i < 25; i++)
        -:  403:    {
    #####:  404:      if (state->supplyCount[i] == 0)
        -:  405:	{
    #####:  406:	  j++;
        -:  407:	}
        -:  408:    }
    #####:  409:  if ( j >= 3)
        -:  410:    {
    #####:  411:      return 1;
        -:  412:    }
        -:  413:
    #####:  414:  return 0;
        -:  415:}
        -:  416:
    #####:  417:int scoreFor (int player, struct gameState *state) {
        -:  418:
        -:  419:  int i;
    #####:  420:  int score = 0;
        -:  421:  //score from hand
    #####:  422:  for (i = 0; i < state->handCount[player]; i++)
        -:  423:    {
    #####:  424:      if (state->hand[player][i] == curse) { score = score - 1; };
    #####:  425:      if (state->hand[player][i] == estate) { score = score + 1; };
    #####:  426:      if (state->hand[player][i] == duchy) { score = score + 3; };
    #####:  427:      if (state->hand[player][i] == province) { score = score + 6; };
    #####:  428:      if (state->hand[player][i] == great_hall) { score = score + 1; };
    #####:  429:      if (state->hand[player][i] == gardens) { score = score + ( fullDeckCount(player, 0, state) / 10 ); };
        -:  430:    }
        -:  431:
        -:  432:  //score from discard
    #####:  433:  for (i = 0; i < state->discardCount[player]; i++)
        -:  434:    {
    #####:  435:      if (state->discard[player][i] == curse) { score = score - 1; };
    #####:  436:      if (state->discard[player][i] == estate) { score = score + 1; };
    #####:  437:      if (state->discard[player][i] == duchy) { score = score + 3; };
    #####:  438:      if (state->discard[player][i] == province) { score = score + 6; };
    #####:  439:      if (state->discard[player][i] == great_hall) { score = score + 1; };
    #####:  440:      if (state->discard[player][i] == gardens) { score = score + ( fullDeckCount(player, 0, state) / 10 ); };
        -:  441:    }
        -:  442:
        -:  443:  //score from deck
    #####:  444:  for (i = 0; i < state->discardCount[player]; i++)
        -:  445:    {
    #####:  446:      if (state->deck[player][i] == curse) { score = score - 1; };
    #####:  447:      if (state->deck[player][i] == estate) { score = score + 1; };
    #####:  448:      if (state->deck[player][i] == duchy) { score = score + 3; };
    #####:  449:      if (state->deck[player][i] == province) { score = score + 6; };
    #####:  450:      if (state->deck[player][i] == great_hall) { score = score + 1; };
    #####:  451:      if (state->deck[player][i] == gardens) { score = score + ( fullDeckCount(player, 0, state) / 10 ); };
        -:  452:    }
        -:  453:
    #####:  454:  return score;
        -:  455:}
        -:  456:
    #####:  457:int getWinners(int players[MAX_PLAYERS], struct gameState *state) {
        -:  458:  int i;	
        -:  459:  int j;
        -:  460:  int highScore;
        -:  461:  int currentPlayer;
        -:  462:
        -:  463:  //get score for each player
    #####:  464:  for (i = 0; i < MAX_PLAYERS; i++)
        -:  465:    {
        -:  466:      //set unused player scores to -9999
    #####:  467:      if (i >= state->numPlayers)
        -:  468:	{
    #####:  469:	  players[i] = -9999;
        -:  470:	}
        -:  471:      else
        -:  472:	{
    #####:  473:	  players[i] = scoreFor (i, state);
        -:  474:	}
        -:  475:    }
        -:  476:
        -:  477:  //find highest score
    #####:  478:  j = 0;
    #####:  479:  for (i = 0; i < MAX_PLAYERS; i++)
        -:  480:    {
    #####:  481:      if (players[i] > players[j])
        -:  482:	{
    #####:  483:	  j = i;
        -:  484:	}
        -:  485:    }
    #####:  486:  highScore = players[j];
        -:  487:
        -:  488:  //add 1 to players who had less turns
    #####:  489:  currentPlayer = whoseTurn(state);
    #####:  490:  for (i = 0; i < MAX_PLAYERS; i++)
        -:  491:    {
    #####:  492:      if ( players[i] == highScore && i > currentPlayer )
        -:  493:	{
    #####:  494:	  players[i]++;
        -:  495:	}
        -:  496:    }
        -:  497:
        -:  498:  //find new highest score
    #####:  499:  j = 0;
    #####:  500:  for (i = 0; i < MAX_PLAYERS; i++)
        -:  501:    {
    #####:  502:      if ( players[i] > players[j] )
        -:  503:	{
    #####:  504:	  j = i;
        -:  505:	}
        -:  506:    }
    #####:  507:  highScore = players[j];
        -:  508:
        -:  509:  //set winners in array to 1 and rest to 0
    #####:  510:  for (i = 0; i < MAX_PLAYERS; i++)
        -:  511:    {
    #####:  512:      if ( players[i] == highScore )
        -:  513:	{
    #####:  514:	  players[i] = 1;
        -:  515:	}
        -:  516:      else
        -:  517:	{
    #####:  518:	  players[i] = 0;
        -:  519:	}
        -:  520:    }
        -:  521:
    #####:  522:  return 0;
        -:  523:}
        -:  524:
      478:  525:int drawCard(int player, struct gameState *state)
        -:  526:{	int count;
        -:  527:  int deckCounter;
      478:  528:  if (state->deckCount[player] <= 0){//Deck is empty
        -:  529:    
        -:  530:    //Step 1 Shuffle the discard pile back into a deck
        -:  531:    int i;
        -:  532:    //Move discard to deck
       35:  533:    for (i = 0; i < state->discardCount[player];i++){
       27:  534:      state->deck[player][i] = state->discard[player][i];
       27:  535:      state->discard[player][i] = -1;
        -:  536:    }
        -:  537:
        8:  538:    state->deckCount[player] = state->discardCount[player];
        8:  539:    state->discardCount[player] = 0;//Reset discard
        -:  540:
        -:  541:    //Shufffle the deck
        8:  542:    shuffle(player, state);//Shuffle the deck up and make it so that we can draw
        -:  543:   
        -:  544:    if (DEBUG){//Debug statements
        -:  545:      printf("Deck count now: %d\n", state->deckCount[player]);
        -:  546:    }
        -:  547:    
        8:  548:    state->discardCount[player] = 0;
        -:  549:
        -:  550:    //Step 2 Draw Card
        8:  551:    count = state->handCount[player];//Get current player's hand count
        -:  552:    
        -:  553:    if (DEBUG){//Debug statements
        -:  554:      printf("Current hand count: %d\n", count);
        -:  555:    }
        -:  556:    
        8:  557:    deckCounter = state->deckCount[player];//Create a holder for the deck count
        -:  558:
        8:  559:    if (deckCounter == 0)
        2:  560:      return -1;
        -:  561:
        6:  562:    state->hand[player][count] = state->deck[player][deckCounter - 1];//Add card to hand
        6:  563:    state->deckCount[player]--;
        6:  564:    state->handCount[player]++;//Increment hand count
        -:  565:  }
        -:  566:
        -:  567:  else{
      470:  568:    int count = state->handCount[player];//Get current hand count for player
        -:  569:    int deckCounter;
        -:  570:    if (DEBUG){//Debug statements
        -:  571:      printf("Current hand count: %d\n", count);
        -:  572:    }
        -:  573:
      470:  574:    deckCounter = state->deckCount[player];//Create holder for the deck count
      470:  575:    state->hand[player][count] = state->deck[player][deckCounter - 1];//Add card to the hand
      470:  576:    state->deckCount[player]--;
      470:  577:    state->handCount[player]++;//Increment hand count
        -:  578:  }
        -:  579:
      476:  580:  return 0;
        -:  581:}
        -:  582:
        4:  583:int getCost(int cardNumber)
        -:  584:{
        4:  585:  switch( cardNumber ) 
        -:  586:    {
        -:  587:    case curse:
    #####:  588:      return 0;
        -:  589:    case estate:
    #####:  590:      return 2;
        -:  591:    case duchy:
    #####:  592:      return 5;
        -:  593:    case province:
    #####:  594:      return 8;
        -:  595:    case copper:
        4:  596:      return 0;
        -:  597:    case silver:
    #####:  598:      return 3;
        -:  599:    case gold:
    #####:  600:      return 6;
        -:  601:    case adventurer:
    #####:  602:      return 6;
        -:  603:    case council_room:
    #####:  604:      return 5;
        -:  605:    case feast:
    #####:  606:      return 4;
        -:  607:    case gardens:
    #####:  608:      return 4;
        -:  609:    case mine:
    #####:  610:      return 5;
        -:  611:    case remodel:
    #####:  612:      return 4;
        -:  613:    case smithy:
    #####:  614:      return 4;
        -:  615:    case village:
    #####:  616:      return 3;
        -:  617:    case baron:
    #####:  618:      return 4;
        -:  619:    case great_hall:
    #####:  620:      return 3;
        -:  621:    case minion:
    #####:  622:      return 5;
        -:  623:    case steward:
    #####:  624:      return 3;
        -:  625:    case tribute:
    #####:  626:      return 5;
        -:  627:    case ambassador:
    #####:  628:      return 3;
        -:  629:    case cutpurse:
    #####:  630:      return 4;
        -:  631:    case embargo: 
    #####:  632:      return 2;
        -:  633:    case outpost:
    #####:  634:      return 5;
        -:  635:    case salvager:
    #####:  636:      return 4;
        -:  637:    case sea_hag:
    #####:  638:      return 4;
        -:  639:    case treasure_map:
    #####:  640:      return 4;
        -:  641:    }
        -:  642:	
    #####:  643:  return -1;
        -:  644:}
        -:  645:
        -:  646://Cards implemented in functions instead
        -:  647:
        -:  648://smithy gets +3 cards - action card
        2:  649:void smithyCard(int currentPlayer, struct gameState *state, int handPos){
        -:  650:    int i;
        -:  651:    //BUG HERE: ORIGINAL: i = 0
        6:  652:    for(i = 1; i < 3; i++){
        4:  653:      drawCard(currentPlayer, state);
        -:  654:    }
        -:  655:    //discard card from hand
        2:  656:    discardCard(handPos, currentPlayer, state, 0);
        -:  657:    // return 0;
        2:  658:}
        -:  659:
        4:  660:void adventureCard(int drawntreasure, struct gameState *state, int currentPlayer, int temphand[], int z){
        -:  661:  int cardDrawn;
       20:  662:  while(drawntreasure<2){
       12:  663:    if (state->deckCount[currentPlayer] <1){//if the deck is empty we need to shuffle discard and add to deck
        2:  664:      shuffle(currentPlayer, state);
        -:  665:    }
       12:  666:    drawCard(currentPlayer, state);
       12:  667:    cardDrawn = state->hand[currentPlayer][state->handCount[currentPlayer]-1];//top card of hand is most recently drawn card.
       12:  668:    if (cardDrawn == copper || cardDrawn == silver || cardDrawn == gold)
        8:  669:      drawntreasure++;
        -:  670:    else{
        4:  671:      temphand[z]=cardDrawn;
        4:  672:      state->handCount[currentPlayer]--; //this should just remove the top card (the most recently drawn one).
        4:  673:      z++;
        -:  674:    }
        -:  675:  }
        -:  676:  //BUG HERE: ORIGINAL: while(z-1>=0)
       12:  677:  while(z-1>=0){
        4:  678:    state->discard[currentPlayer][state->discardCount[currentPlayer]++]=temphand[z-1]; // discard all cards in play that have been drawn
        4:  679:    z=z-1;
        -:  680:  }
        4:  681:}
        -:  682:
    #####:  683:void feastCard(struct gameState *state, int currentPlayer, int temphand[], int choice1){
        -:  684:  //gain card with cost up to 5
        -:  685:  //Backup hand
        -:  686:  int i;
        -:  687:  int x;
    #####:  688:  for (i = 0; i <= state->handCount[currentPlayer]; i++){
    #####:  689:    temphand[i] = state->hand[currentPlayer][i];//Backup card
    #####:  690:    state->hand[currentPlayer][i] = -1;//Set to nothing
        -:  691:  }
        -:  692:  //Backup hand
        -:  693:
        -:  694:  //Update Coins for Buy
    #####:  695:  updateCoins(currentPlayer, state, 5);
    #####:  696:  x = 1;//Condition to loop on
    #####:  697:  while( x == 1) {//Buy one card
    #####:  698:      if (supplyCount(choice1, state) <= 0){
        -:  699:        if (DEBUG)
        -:  700:          printf("None of that card left, sorry!\n");
        -:  701:
        -:  702:        if (DEBUG){
        -:  703:          printf("Cards Left: %d\n", supplyCount(choice1, state));
        -:  704:        }
        -:  705:      }
        -:  706:      //BUG HERE: ORIGINAL: else if (state->coins < getCost(choice1)) -> changed the < to >
    #####:  707:      else if (state->coins > getCost(choice1)){
    #####:  708:        printf("That card is too expensive!\n");
        -:  709:
        -:  710:        if (DEBUG){
        -:  711:          printf("Coins: %d < %d\n", state->coins, getCost(choice1));
        -:  712:        }
        -:  713:      }
        -:  714:      else{
        -:  715:
        -:  716:        if (DEBUG){
        -:  717:          printf("Deck Count: %d\n", state->handCount[currentPlayer] + state->deckCount[currentPlayer] + state->discardCount[currentPlayer]);
        -:  718:        }
        -:  719:
    #####:  720:        gainCard(choice1, state, 0, currentPlayer);//Gain the card
    #####:  721:        x = 0;//No more buying cards
        -:  722:
        -:  723:        if (DEBUG){
        -:  724:          printf("Deck Count: %d\n", state->handCount[currentPlayer] + state->deckCount[currentPlayer] + state->discardCount[currentPlayer]);
        -:  725:        }
        -:  726:
        -:  727:      }
        -:  728:  }     
        -:  729:
        -:  730:  //Reset Hand
    #####:  731:  for (i = 0; i <= state->handCount[currentPlayer]; i++){
    #####:  732:    state->hand[currentPlayer][i] = temphand[i];
    #####:  733:    temphand[i] = -1;
        -:  734:  }
        -:  735:  //Reset Hand
    #####:  736:}
        -:  737:
    #####:  738:void council_roomCard(int currentPlayer, struct gameState *state, int handPos){
        -:  739:        //+4 Cards
        -:  740:  int i;
    #####:  741:  for (i = 0; i < 4; i++)
        -:  742:	{
    #####:  743:	  drawCard(currentPlayer, state);
        -:  744:	}
        -:  745:			
        -:  746:  //+1 Buy
    #####:  747:  state->numBuys++;
        -:  748:  
        -:  749:  //Each other player draws a card
    #####:  750:  for (i = 0; i < state->numPlayers; i++)
        -:  751:	{
    #####:  752:	  if ( i != currentPlayer )
        -:  753:	    {
    #####:  754:	      drawCard(i, state);
        -:  755:	    }
        -:  756:	}
        -:  757:			
        -:  758:  //put played card in played card pile
    #####:  759:  discardCard(handPos, currentPlayer, state, 0);
    #####:  760:}
        -:  761:
        2:  762:void villageCard(int currentPlayer, struct gameState *state, int handPos){
        -:  763:  //+1 Card
        2:  764:  drawCard(currentPlayer, state);
        -:  765:  
        -:  766:  //+2 Actions
        -:  767:  //BUG HERE: ORIGINAL: state->numActions = state->numActions + 2;
        2:  768:  state->numActions = state->numActions + 3;
        -:  769:  
        -:  770:  //discard played card from hand
        2:  771:  discardCard(handPos, currentPlayer, state, 0);
        2:  772:}
        -:  773:
       10:  774:int cardEffect(int card, int choice1, int choice2, int choice3, struct gameState *state, int handPos, int *bonus)
        -:  775:{
        -:  776:  int i;
        -:  777:  int j;
        -:  778:  int k;
        -:  779:  // int x; //put into function
        -:  780:  int index;
       10:  781:  int currentPlayer = whoseTurn(state);
       10:  782:  int nextPlayer = currentPlayer + 1;
        -:  783:
       10:  784:  int tributeRevealedCards[2] = {-1, -1};
        -:  785:  int temphand[MAX_HAND];// moved above the if statement
       10:  786:  int drawntreasure=0;
        -:  787:  // int cardDrawn; //put into function
       10:  788:  int z = 0;// this is the counter for the temp hand
       10:  789:  if (nextPlayer > (state->numPlayers - 1)){
    #####:  790:    nextPlayer = 0;
        -:  791:  }
        -:  792:  
        -:  793:	
        -:  794:  //uses switch to select card and perform actions
       10:  795:  switch( card ) 
        -:  796:    {
        -:  797:    case adventurer:
        4:  798:      adventureCard(drawntreasure, state, currentPlayer, temphand, z);
        4:  799:      return 0;
        -:  800:			
        -:  801:    case council_room:
    #####:  802:      council_roomCard(currentPlayer, state, handPos);
    #####:  803:      return 0;
        -:  804:			
        -:  805:    case feast:
    #####:  806:      feastCard(state, currentPlayer, temphand, choice1);
    #####:  807:      return 0;
        -:  808:			
        -:  809:    case gardens:
    #####:  810:      return -1;
        -:  811:			
        -:  812:    case mine:
    #####:  813:      j = state->hand[currentPlayer][choice1];  //store card we will trash
        -:  814:
    #####:  815:      if (state->hand[currentPlayer][choice1] < copper || state->hand[currentPlayer][choice1] > gold)
        -:  816:	{
    #####:  817:	  return -1;
        -:  818:	}
        -:  819:		
    #####:  820:      if (choice2 > treasure_map || choice2 < curse)
        -:  821:	{
    #####:  822:	  return -1;
        -:  823:	}
        -:  824:
    #####:  825:      if ( (getCost(state->hand[currentPlayer][choice1]) + 3) > getCost(choice2) )
        -:  826:	{
    #####:  827:	  return -1;
        -:  828:	}
        -:  829:
    #####:  830:      gainCard(choice2, state, 2, currentPlayer);
        -:  831:
        -:  832:      //discard card from hand
    #####:  833:      discardCard(handPos, currentPlayer, state, 0);
        -:  834:
        -:  835:      //discard trashed card
    #####:  836:      for (i = 0; i < state->handCount[currentPlayer]; i++)
        -:  837:	{
    #####:  838:	  if (state->hand[currentPlayer][i] == j)
        -:  839:	    {
    #####:  840:	      discardCard(i, currentPlayer, state, 0);			
    #####:  841:	      break;
        -:  842:	    }
        -:  843:	}
        -:  844:			
    #####:  845:      return 0;
        -:  846:			
        -:  847:    case remodel:
    #####:  848:      j = state->hand[currentPlayer][choice1];  //store card we will trash
        -:  849:
    #####:  850:      if ( (getCost(state->hand[currentPlayer][choice1]) + 2) > getCost(choice2) )
        -:  851:	{
    #####:  852:	  return -1;
        -:  853:	}
        -:  854:
    #####:  855:      gainCard(choice2, state, 0, currentPlayer);
        -:  856:
        -:  857:      //discard card from hand
    #####:  858:      discardCard(handPos, currentPlayer, state, 0);
        -:  859:
        -:  860:      //discard trashed card
    #####:  861:      for (i = 0; i < state->handCount[currentPlayer]; i++)
        -:  862:	{
    #####:  863:	  if (state->hand[currentPlayer][i] == j)
        -:  864:	    {
    #####:  865:	      discardCard(i, currentPlayer, state, 0);			
    #####:  866:	      break;
        -:  867:	    }
        -:  868:	}
        -:  869:
        -:  870:
    #####:  871:      return 0;
        -:  872:		
        -:  873:    case smithy:
        2:  874:      smithyCard(currentPlayer, state, handPos);
        2:  875:      return 0;
        -:  876:
        -:  877:    case village:
        2:  878:      villageCard(currentPlayer, state, handPos);
        2:  879:      return 0;
        -:  880:		
        -:  881:    case baron:
    #####:  882:      state->numBuys++;//Increase buys by 1!
    #####:  883:      if (choice1 > 0){//Boolean true or going to discard an estate
    #####:  884:	int p = 0;//Iterator for hand!
    #####:  885:	int card_not_discarded = 1;//Flag for discard set!
    #####:  886:	while(card_not_discarded){
    #####:  887:	  if (state->hand[currentPlayer][p] == estate){//Found an estate card!
    #####:  888:	    state->coins += 4;//Add 4 coins to the amount of coins
    #####:  889:	    state->discard[currentPlayer][state->discardCount[currentPlayer]] = state->hand[currentPlayer][p];
    #####:  890:	    state->discardCount[currentPlayer]++;
    #####:  891:	    for (;p < state->handCount[currentPlayer]; p++){
    #####:  892:	      state->hand[currentPlayer][p] = state->hand[currentPlayer][p+1];
        -:  893:	    }
    #####:  894:	    state->hand[currentPlayer][state->handCount[currentPlayer]] = -1;
    #####:  895:	    state->handCount[currentPlayer]--;
    #####:  896:	    card_not_discarded = 0;//Exit the loop
        -:  897:	  }
    #####:  898:	  else if (p > state->handCount[currentPlayer]){
        -:  899:	    if(DEBUG) {
        -:  900:	      printf("No estate cards in your hand, invalid choice\n");
        -:  901:	      printf("Must gain an estate if there are any\n");
        -:  902:	    }
    #####:  903:	    if (supplyCount(estate, state) > 0){
    #####:  904:	      gainCard(estate, state, 0, currentPlayer);
    #####:  905:	      state->supplyCount[estate]--;//Decrement estates
    #####:  906:	      if (supplyCount(estate, state) == 0){
    #####:  907:		isGameOver(state);
        -:  908:	      }
        -:  909:	    }
    #####:  910:	    card_not_discarded = 0;//Exit the loop
        -:  911:	  }
        -:  912:			    
        -:  913:	  else{
    #####:  914:	    p++;//Next card
        -:  915:	  }
        -:  916:	}
        -:  917:      }
        -:  918:			    
        -:  919:      else{
    #####:  920:	if (supplyCount(estate, state) > 0){
    #####:  921:	  gainCard(estate, state, 0, currentPlayer);//Gain an estate
    #####:  922:	  state->supplyCount[estate]--;//Decrement Estates
    #####:  923:	  if (supplyCount(estate, state) == 0){
    #####:  924:	    isGameOver(state);
        -:  925:	  }
        -:  926:	}
        -:  927:      }
        -:  928:	    
        -:  929:      
    #####:  930:      return 0;
        -:  931:		
        -:  932:    case great_hall:
        -:  933:      //+1 Card
        2:  934:      drawCard(currentPlayer, state);
        -:  935:			
        -:  936:      //+1 Actions
        2:  937:      state->numActions++;
        -:  938:			
        -:  939:      //discard card from hand
        2:  940:      discardCard(handPos, currentPlayer, state, 0);
        2:  941:      return 0;
        -:  942:		
        -:  943:    case minion:
        -:  944:      //+1 action
    #####:  945:      state->numActions++;
        -:  946:			
        -:  947:      //discard card from hand
    #####:  948:      discardCard(handPos, currentPlayer, state, 0);
        -:  949:			
    #####:  950:      if (choice1)		//+2 coins
        -:  951:	{
    #####:  952:	  state->coins = state->coins + 2;
        -:  953:	}
        -:  954:			
    #####:  955:      else if (choice2)		//discard hand, redraw 4, other players with 5+ cards discard hand and draw 4
        -:  956:	{
        -:  957:	  //discard hand
    #####:  958:	  while(numHandCards(state) > 0)
        -:  959:	    {
    #####:  960:	      discardCard(handPos, currentPlayer, state, 0);
        -:  961:	    }
        -:  962:				
        -:  963:	  //draw 4
    #####:  964:	  for (i = 0; i < 4; i++)
        -:  965:	    {
    #####:  966:	      drawCard(currentPlayer, state);
        -:  967:	    }
        -:  968:				
        -:  969:	  //other players discard hand and redraw if hand size > 4
    #####:  970:	  for (i = 0; i < state->numPlayers; i++)
        -:  971:	    {
    #####:  972:	      if (i != currentPlayer)
        -:  973:		{
    #####:  974:		  if ( state->handCount[i] > 4 )
        -:  975:		    {
        -:  976:		      //discard hand
    #####:  977:		      while( state->handCount[i] > 0 )
        -:  978:			{
    #####:  979:			  discardCard(handPos, i, state, 0);
        -:  980:			}
        -:  981:							
        -:  982:		      //draw 4
    #####:  983:		      for (j = 0; j < 4; j++)
        -:  984:			{
    #####:  985:			  drawCard(i, state);
        -:  986:			}
        -:  987:		    }
        -:  988:		}
        -:  989:	    }
        -:  990:				
        -:  991:	}
    #####:  992:      return 0;
        -:  993:		
        -:  994:    case steward:
    #####:  995:      if (choice1 == 1)
        -:  996:	{
        -:  997:	  //+2 cards
    #####:  998:	  drawCard(currentPlayer, state);
    #####:  999:	  drawCard(currentPlayer, state);
        -: 1000:	}
    #####: 1001:      else if (choice1 == 2)
        -: 1002:	{
        -: 1003:	  //+2 coins
    #####: 1004:	  state->coins = state->coins + 2;
        -: 1005:	}
        -: 1006:      else
        -: 1007:	{
        -: 1008:	  //trash 2 cards in hand
    #####: 1009:	  discardCard(choice2, currentPlayer, state, 1);
    #####: 1010:	  discardCard(choice3, currentPlayer, state, 1);
        -: 1011:	}
        -: 1012:			
        -: 1013:      //discard card from hand
    #####: 1014:      discardCard(handPos, currentPlayer, state, 0);
    #####: 1015:      return 0;
        -: 1016:		
        -: 1017:    case tribute:
    #####: 1018:      if ((state->discardCount[nextPlayer] + state->deckCount[nextPlayer]) <= 1){
    #####: 1019:	if (state->deckCount[nextPlayer] > 0){
    #####: 1020:	  tributeRevealedCards[0] = state->deck[nextPlayer][state->deckCount[nextPlayer]-1];
    #####: 1021:	  state->deckCount[nextPlayer]--;
        -: 1022:	}
    #####: 1023:	else if (state->discardCount[nextPlayer] > 0){
    #####: 1024:	  tributeRevealedCards[0] = state->discard[nextPlayer][state->discardCount[nextPlayer]-1];
    #####: 1025:	  state->discardCount[nextPlayer]--;
        -: 1026:	}
        -: 1027:	else{
        -: 1028:	  //No Card to Reveal
        -: 1029:	  if (DEBUG){
        -: 1030:	    printf("No cards to reveal\n");
        -: 1031:	  }
        -: 1032:	}
        -: 1033:      }
        -: 1034:	    
        -: 1035:      else{
    #####: 1036:	if (state->deckCount[nextPlayer] == 0){
    #####: 1037:	  for (i = 0; i < state->discardCount[nextPlayer]; i++){
    #####: 1038:	    state->deck[nextPlayer][i] = state->discard[nextPlayer][i];//Move to deck
    #####: 1039:	    state->deckCount[nextPlayer]++;
    #####: 1040:	    state->discard[nextPlayer][i] = -1;
    #####: 1041:	    state->discardCount[nextPlayer]--;
        -: 1042:	  }
        -: 1043:			    
    #####: 1044:	  shuffle(nextPlayer,state);//Shuffle the deck
        -: 1045:	} 
    #####: 1046:	tributeRevealedCards[0] = state->deck[nextPlayer][state->deckCount[nextPlayer]-1];
    #####: 1047:	state->deck[nextPlayer][state->deckCount[nextPlayer]--] = -1;
    #####: 1048:	state->deckCount[nextPlayer]--;
    #####: 1049:	tributeRevealedCards[1] = state->deck[nextPlayer][state->deckCount[nextPlayer]-1];
    #####: 1050:	state->deck[nextPlayer][state->deckCount[nextPlayer]--] = -1;
    #####: 1051:	state->deckCount[nextPlayer]--;
        -: 1052:      }    
        -: 1053:		       
    #####: 1054:      if (tributeRevealedCards[0] == tributeRevealedCards[1]){//If we have a duplicate card, just drop one 
    #####: 1055:	state->playedCards[state->playedCardCount] = tributeRevealedCards[1];
    #####: 1056:	state->playedCardCount++;
    #####: 1057:	tributeRevealedCards[1] = -1;
        -: 1058:      }
        -: 1059:
    #####: 1060:      for (i = 0; i <= 2; i ++){
    #####: 1061:	if (tributeRevealedCards[i] == copper || tributeRevealedCards[i] == silver || tributeRevealedCards[i] == gold){//Treasure cards
    #####: 1062:	  state->coins += 2;
        -: 1063:	}
        -: 1064:		    
    #####: 1065:	else if (tributeRevealedCards[i] == estate || tributeRevealedCards[i] == duchy || tributeRevealedCards[i] == province || tributeRevealedCards[i] == gardens || tributeRevealedCards[i] == great_hall){//Victory Card Found
    #####: 1066:	  drawCard(currentPlayer, state);
    #####: 1067:	  drawCard(currentPlayer, state);
        -: 1068:	}
        -: 1069:	else{//Action Card
    #####: 1070:	  state->numActions = state->numActions + 2;
        -: 1071:	}
        -: 1072:      }
        -: 1073:	    
    #####: 1074:      return 0;
        -: 1075:		
        -: 1076:    case ambassador:
    #####: 1077:      j = 0;		//used to check if player has enough cards to discard
        -: 1078:
    #####: 1079:      if (choice2 > 2 || choice2 < 0)
        -: 1080:	{
    #####: 1081:	  return -1;				
        -: 1082:	}
        -: 1083:
    #####: 1084:      if (choice1 == handPos)
        -: 1085:	{
    #####: 1086:	  return -1;
        -: 1087:	}
        -: 1088:
    #####: 1089:      for (i = 0; i < state->handCount[currentPlayer]; i++)
        -: 1090:	{
    #####: 1091:	  if (i != handPos && i == state->hand[currentPlayer][choice1] && i != choice1)
        -: 1092:	    {
    #####: 1093:	      j++;
        -: 1094:	    }
        -: 1095:	}
    #####: 1096:      if (j < choice2)
        -: 1097:	{
    #####: 1098:	  return -1;				
        -: 1099:	}
        -: 1100:
        -: 1101:      if (DEBUG) 
        -: 1102:	printf("Player %d reveals card number: %d\n", currentPlayer, state->hand[currentPlayer][choice1]);
        -: 1103:
        -: 1104:      //increase supply count for choosen card by amount being discarded
    #####: 1105:      state->supplyCount[state->hand[currentPlayer][choice1]] += choice2;
        -: 1106:			
        -: 1107:      //each other player gains a copy of revealed card
    #####: 1108:      for (i = 0; i < state->numPlayers; i++)
        -: 1109:	{
    #####: 1110:	  if (i != currentPlayer)
        -: 1111:	    {
    #####: 1112:	      gainCard(state->hand[currentPlayer][choice1], state, 0, i);
        -: 1113:	    }
        -: 1114:	}
        -: 1115:
        -: 1116:      //discard played card from hand
    #####: 1117:      discardCard(handPos, currentPlayer, state, 0);			
        -: 1118:
        -: 1119:      //trash copies of cards returned to supply
    #####: 1120:      for (j = 0; j < choice2; j++)
        -: 1121:	{
    #####: 1122:	  for (i = 0; i < state->handCount[currentPlayer]; i++)
        -: 1123:	    {
    #####: 1124:	      if (state->hand[currentPlayer][i] == state->hand[currentPlayer][choice1])
        -: 1125:		{
    #####: 1126:		  discardCard(i, currentPlayer, state, 1);
    #####: 1127:		  break;
        -: 1128:		}
        -: 1129:	    }
        -: 1130:	}			
        -: 1131:
    #####: 1132:      return 0;
        -: 1133:		
        -: 1134:    case cutpurse:
        -: 1135:
    #####: 1136:      updateCoins(currentPlayer, state, 2);
    #####: 1137:      for (i = 0; i < state->numPlayers; i++)
        -: 1138:	{
    #####: 1139:	  if (i != currentPlayer)
        -: 1140:	    {
    #####: 1141:	      for (j = 0; j < state->handCount[i]; j++)
        -: 1142:		{
    #####: 1143:		  if (state->hand[i][j] == copper)
        -: 1144:		    {
    #####: 1145:		      discardCard(j, i, state, 0);
    #####: 1146:		      break;
        -: 1147:		    }
    #####: 1148:		  if (j == state->handCount[i])
        -: 1149:		    {
    #####: 1150:		      for (k = 0; k < state->handCount[i]; k++)
        -: 1151:			{
        -: 1152:			  if (DEBUG)
        -: 1153:			    printf("Player %d reveals card number %d\n", i, state->hand[i][k]);
        -: 1154:			}	
    #####: 1155:		      break;
        -: 1156:		    }		
        -: 1157:		}
        -: 1158:					
        -: 1159:	    }
        -: 1160:				
        -: 1161:	}				
        -: 1162:
        -: 1163:      //discard played card from hand
    #####: 1164:      discardCard(handPos, currentPlayer, state, 0);			
        -: 1165:
    #####: 1166:      return 0;
        -: 1167:
        -: 1168:		
        -: 1169:    case embargo: 
        -: 1170:      //+2 Coins
    #####: 1171:      state->coins = state->coins + 2;
        -: 1172:			
        -: 1173:      //see if selected pile is in play
    #####: 1174:      if ( state->supplyCount[choice1] == -1 )
        -: 1175:	{
    #####: 1176:	  return -1;
        -: 1177:	}
        -: 1178:			
        -: 1179:      //add embargo token to selected supply pile
    #####: 1180:      state->embargoTokens[choice1]++;
        -: 1181:			
        -: 1182:      //trash card
    #####: 1183:      discardCard(handPos, currentPlayer, state, 1);		
    #####: 1184:      return 0;
        -: 1185:		
        -: 1186:    case outpost:
        -: 1187:      //set outpost flag
    #####: 1188:      state->outpostPlayed++;
        -: 1189:			
        -: 1190:      //discard card
    #####: 1191:      discardCard(handPos, currentPlayer, state, 0);
    #####: 1192:      return 0;
        -: 1193:		
        -: 1194:    case salvager:
        -: 1195:      //+1 buy
    #####: 1196:      state->numBuys++;
        -: 1197:			
    #####: 1198:      if (choice1)
        -: 1199:	{
        -: 1200:	  //gain coins equal to trashed card
    #####: 1201:	  state->coins = state->coins + getCost( handCard(choice1, state) );
        -: 1202:	  //trash card
    #####: 1203:	  discardCard(choice1, currentPlayer, state, 1);	
        -: 1204:	}
        -: 1205:			
        -: 1206:      //discard card
    #####: 1207:      discardCard(handPos, currentPlayer, state, 0);
    #####: 1208:      return 0;
        -: 1209:		
        -: 1210:    case sea_hag:
    #####: 1211:      for (i = 0; i < state->numPlayers; i++){
    #####: 1212:	if (i != currentPlayer){
    #####: 1213:	  state->discard[i][state->discardCount[i]] = state->deck[i][state->deckCount[i]--];			    state->deckCount[i]--;
    #####: 1214:	  state->discardCount[i]++;
    #####: 1215:	  state->deck[i][state->deckCount[i]--] = curse;//Top card now a curse
        -: 1216:	}
        -: 1217:      }
    #####: 1218:      return 0;
        -: 1219:		
        -: 1220:    case treasure_map:
        -: 1221:      //search hand for another treasure_map
    #####: 1222:      index = -1;
    #####: 1223:      for (i = 0; i < state->handCount[currentPlayer]; i++)
        -: 1224:	{
    #####: 1225:	  if (state->hand[currentPlayer][i] == treasure_map && i != handPos)
        -: 1226:	    {
    #####: 1227:	      index = i;
    #####: 1228:	      break;
        -: 1229:	    }
        -: 1230:	}
    #####: 1231:      if (index > -1)
        -: 1232:	{
        -: 1233:	  //trash both treasure cards
    #####: 1234:	  discardCard(handPos, currentPlayer, state, 1);
    #####: 1235:	  discardCard(index, currentPlayer, state, 1);
        -: 1236:
        -: 1237:	  //gain 4 Gold cards
    #####: 1238:	  for (i = 0; i < 4; i++)
        -: 1239:	    {
    #####: 1240:	      gainCard(gold, state, 1, currentPlayer);
        -: 1241:	    }
        -: 1242:				
        -: 1243:	  //return success
    #####: 1244:	  return 1;
        -: 1245:	}
        -: 1246:			
        -: 1247:      //no second treasure_map found in hand
    #####: 1248:      return -1;
        -: 1249:    }
        -: 1250:	
    #####: 1251:  return -1;
        -: 1252:}
        -: 1253:
       41: 1254:int discardCard(int handPos, int currentPlayer, struct gameState *state, int trashFlag)
        -: 1255:{
        -: 1256:	
        -: 1257:  //if card is not trashed, added to Played pile 
       41: 1258:  if (trashFlag < 1)
        -: 1259:    {
        -: 1260:      //add card to played pile
       41: 1261:      state->playedCards[state->playedCardCount] = state->hand[currentPlayer][handPos]; 
       41: 1262:      state->playedCardCount++;
        -: 1263:    }
        -: 1264:	
        -: 1265:  //set played card to -1
       41: 1266:  state->hand[currentPlayer][handPos] = -1;
        -: 1267:	
        -: 1268:  //remove card from player's hand
       41: 1269:  if ( handPos == (state->handCount[currentPlayer] - 1) ) 	//last card in hand array is played
        -: 1270:    {
        -: 1271:      //reduce number of cards in hand
       10: 1272:      state->handCount[currentPlayer]--;
        -: 1273:    }
       31: 1274:  else if ( state->handCount[currentPlayer] == 1 ) //only one card in hand
        -: 1275:    {
        -: 1276:      //reduce number of cards in hand
    #####: 1277:      state->handCount[currentPlayer]--;
        -: 1278:    }
        -: 1279:  else 	
        -: 1280:    {
        -: 1281:      //replace discarded card with last card in hand
       31: 1282:      state->hand[currentPlayer][handPos] = state->hand[currentPlayer][ (state->handCount[currentPlayer] - 1)];
        -: 1283:      //set last card to -1
       31: 1284:      state->hand[currentPlayer][state->handCount[currentPlayer] - 1] = -1;
        -: 1285:      //reduce number of cards in hand
       31: 1286:      state->handCount[currentPlayer]--;
        -: 1287:    }
        -: 1288:	
       41: 1289:  return 0;
        -: 1290:}
        -: 1291:
       82: 1292:int gainCard(int supplyPos, struct gameState *state, int toFlag, int player)
        -: 1293:{
        -: 1294:  //Note: supplyPos is enum of choosen card
        -: 1295:	
        -: 1296:  //check if supply pile is empty (0) or card is not used in game (-1)
       82: 1297:  if ( supplyCount(supplyPos, state) < 1 )
        -: 1298:    {
    #####: 1299:      return -1;
        -: 1300:    }
        -: 1301:	
        -: 1302:  //added card for [whoseTurn] current player:
        -: 1303:  // toFlag = 0 : add to discard
        -: 1304:  // toFlag = 1 : add to deck
        -: 1305:  // toFlag = 2 : add to hand
        -: 1306:
       82: 1307:  if (toFlag == 1)
        -: 1308:    {
       40: 1309:      state->deck[ player ][ state->deckCount[player] ] = supplyPos;
       40: 1310:      state->deckCount[player]++;
        -: 1311:    }
       42: 1312:  else if (toFlag == 2)
        -: 1313:    {
       20: 1314:      state->hand[ player ][ state->handCount[player] ] = supplyPos;
       20: 1315:      state->handCount[player]++;
        -: 1316:    }
        -: 1317:  else
        -: 1318:    {
       22: 1319:      state->discard[player][ state->discardCount[player] ] = supplyPos;
       22: 1320:      state->discardCount[player]++;
        -: 1321:    }
        -: 1322:	
        -: 1323:  //decrease number in supply pile
       82: 1324:  state->supplyCount[supplyPos]--;
        -: 1325:	 
       82: 1326:  return 0;
        -: 1327:}
        -: 1328:
       88: 1329:int updateCoins(int player, struct gameState *state, int bonus)
        -: 1330:{
        -: 1331:  int i;
        -: 1332:	
        -: 1333:  //reset coin count
       88: 1334:  state->coins = 0;
        -: 1335:
        -: 1336:  //add coins for each Treasure card in player's hand
      528: 1337:  for (i = 0; i < state->handCount[player]; i++)
        -: 1338:    {
      440: 1339:      if (state->hand[player][i] == copper)
        -: 1340:	{
      309: 1341:	  state->coins += 1;
        -: 1342:	}
      131: 1343:      else if (state->hand[player][i] == silver)
        -: 1344:	{
    #####: 1345:	  state->coins += 2;
        -: 1346:	}
      131: 1347:      else if (state->hand[player][i] == gold)
        -: 1348:	{
    #####: 1349:	  state->coins += 3;
        -: 1350:	}	
        -: 1351:    }	
        -: 1352:
        -: 1353:  //add bonus
       88: 1354:  state->coins += bonus;
        -: 1355:
       88: 1356:  return 0;
        -: 1357:}
        -: 1358:
        -: 1359:
        -: 1360://end of dominion.c
        -: 1361:
